<?xml version="1.0" encoding="UTF-8"?>
<!-- Generated by org.testng.reporters.JUnitReportReporter -->
<testsuite hostname="DESKTOP-F572NSO" failures="0" tests="1" name="NewTest" time="0.056" errors="0" timestamp="2022-09-26T11:08:20 IST" skipped="0">
  <testcase classname="NewTest" name="f" time="0.056"/>
</testsuite> <!-- NewTest -->
