<?xml version="1.0" encoding="UTF-8"?>
<!-- Generated by org.testng.reporters.JUnitReportReporter -->
<testsuite hostname="DESKTOP-F572NSO" failures="0" tests="1" name="testngExample.TestAnnotationParameter" time="0.016" errors="0" timestamp="2022-09-28T10:40:28 IST" skipped="0">
  <testcase classname="testngExample.TestAnnotationParameter" name="Sum" time="0.016"/>
</testsuite> <!-- testngExample.TestAnnotationParameter -->
