<?xml version="1.0" encoding="UTF-8"?>
<!-- Generated by org.testng.reporters.JUnitReportReporter -->
<testsuite hostname="DESKTOP-F572NSO" failures="0" tests="2" name="BasicAnnotationExamples.ParallelTestWithMultiThread" time="112.668" errors="0" timestamp="2022-09-28T13:07:21 IST" skipped="0">
  <testcase classname="BasicAnnotationExamples.ParallelTestWithMultiThread" name="testOnChromeWithBrowserStackUrl" time="58.843"/>
  <testcase classname="BasicAnnotationExamples.ParallelTestWithMultiThread" name="testOnChromeWithBrowserStackSignUp" time="53.825"/>
</testsuite> <!-- BasicAnnotationExamples.ParallelTestWithMultiThread -->
