<?xml version="1.0" encoding="UTF-8"?>
<!-- Generated by org.testng.reporters.JUnitReportReporter -->
<testsuite hostname="DESKTOP-F572NSO" failures="0" tests="1" name="NewTest4" time="80.105" errors="0" timestamp="2022-09-27T09:33:28 IST" skipped="0">
  <testcase classname="NewTest4" name="f" time="80.105"/>
</testsuite> <!-- NewTest4 -->
