<?xml version="1.0" encoding="UTF-8"?>
<!-- Generated by org.testng.reporters.JUnitReportReporter -->
<testsuite hostname="DESKTOP-F572NSO" failures="0" tests="2" name="BasicAnnotationExamples.TestAnnotations" time="0.014" errors="0" timestamp="2022-09-28T11:38:21 IST" skipped="0">
  <testcase classname="BasicAnnotationExamples.TestAnnotations" name="Test1" time="0.011"/>
  <testcase classname="BasicAnnotationExamples.TestAnnotations" name="Test2" time="0.003"/>
</testsuite> <!-- BasicAnnotationExamples.TestAnnotations -->
