<?xml version="1.0" encoding="UTF-8"?>
<!-- Generated by org.testng.reporters.JUnitReportReporter -->
<testsuite hostname="DESKTOP-F572NSO" failures="0" tests="2" name="BasicAnnotationExamples.TestAnnotationBeforeGroups" time="0.033" errors="0" timestamp="2022-09-28T11:46:32 IST" skipped="0">
  <testcase classname="BasicAnnotationExamples.TestAnnotationBeforeGroups" name="testMethod1" time="0.003"/>
  <testcase classname="BasicAnnotationExamples.TestAnnotationBeforeGroups" name="testMethod" time="0.030"/>
</testsuite> <!-- BasicAnnotationExamples.TestAnnotationBeforeGroups -->
