<?xml version="1.0" encoding="UTF-8"?>
<!-- Generated by org.testng.reporters.JUnitReportReporter -->
<testsuite hostname="DESKTOP-F572NSO" failures="0" tests="1" name="testngExample.SampleTest" time="0.017" errors="0" timestamp="2022-09-28T09:58:03 IST" skipped="0">
  <testcase classname="testngExample.SampleTest" name="testmethod" time="0.017"/>
</testsuite> <!-- testngExample.SampleTest -->
