<?xml version="1.0" encoding="UTF-8"?>
<!-- Generated by org.testng.reporters.JUnitReportReporter -->
<testsuite hostname="DESKTOP-F572NSO" failures="0" tests="1" name="NewTest3" time="16.117" errors="0" timestamp="2022-09-26T12:34:01 IST" skipped="0">
  <testcase classname="NewTest3" name="f" time="16.117"/>
</testsuite> <!-- NewTest3 -->
