<?xml version="1.0" encoding="UTF-8"?>
<!-- Generated by org.testng.reporters.JUnitReportReporter -->
<testsuite hostname="DESKTOP-F572NSO" failures="0" tests="4" name="testngExample.TestDetails1" time="0.036" errors="0" timestamp="2022-09-28T09:53:44 IST" skipped="0">
  <testcase classname="testngExample.TestDetails1" name="f" time="0.002"/>
  <testcase classname="testngExample.TestDetails1" name="f" time="0.025"/>
  <testcase classname="testngExample.TestDetails1" name="f2" time="0.003"/>
  <testcase classname="testngExample.TestDetails1" name="f2" time="0.006"/>
</testsuite> <!-- testngExample.TestDetails1 -->
