<?xml version="1.0" encoding="UTF-8"?>
<!-- Generated by org.testng.reporters.JUnitReportReporter -->
<testsuite hostname="DESKTOP-F572NSO" failures="0" tests="1" name="NewTest2" time="8.704" errors="0" timestamp="2022-09-26T12:10:46 IST" skipped="0">
  <testcase classname="NewTest2" name="f" time="8.704"/>
</testsuite> <!-- NewTest2 -->
