<?xml version="1.0" encoding="UTF-8"?>
<!-- Generated by org.testng.reporters.JUnitReportReporter -->
<testsuite hostname="DESKTOP-F572NSO" failures="0" tests="4" name="testngExample.DataProviderTest" time="0.017" errors="0" timestamp="2022-09-28T10:22:33 IST" skipped="0">
  <testcase classname="testngExample.DataProviderTest" name="testMethodOne" time="0.002"/>
  <testcase classname="testngExample.DataProviderTest" name="testMethodOne" time="0.012"/>
  <testcase classname="testngExample.DataProviderTest" name="testMethodTwo" time="0.002"/>
  <testcase classname="testngExample.DataProviderTest" name="testMethodTwo" time="0.001"/>
</testsuite> <!-- testngExample.DataProviderTest -->
